<?xml version="1.0" encoding="UTF-8"?>
<!-- Generated by org.testng.reporters.JUnitReportReporter -->
<testsuite hostname="mavericks.pretendco.com" name="tests.GoogleTest" tests="1" failures="0" timestamp="4 May 2021 21:56:50 GMT" time="8.032" errors="0">
  <testcase name="googleTest" time="8.032" classname="tests.GoogleTest"/>
</testsuite> <!-- tests.GoogleTest -->
