<?xml version="1.0" encoding="UTF-8"?>
<!-- Generated by org.testng.reporters.JUnitReportReporter -->
<testsuite hostname="mavericks.pretendco.com" name="tests.GMTest" tests="1" failures="0" timestamp="4 May 2021 21:58:44 GMT" time="12.716" errors="0">
  <testcase name="GMTest" time="12.716" classname="tests.GMTest"/>
</testsuite> <!-- tests.GMTest -->
